{"level":"info","timestamp":"2024-12-31T16:05:19.243+0100","caller":"config/config.go:43","msg":"Env file loaded succesfully"}
{"level":"error","timestamp":"2024-12-31T16:05:19.420+0100","caller":"database/db.go:70","msg":"Failed to create initial admin user","error":"ERROR: null value in column \"id\" of relation \"users\" violates not-null constraint (SQLSTATE 23502)"}
{"level":"info","timestamp":"2024-12-31T16:05:19.420+0100","caller":"database/db.go:73","msg":"Initial admin user created successfully"}
{"level":"info","timestamp":"2024-12-31T16:05:19.420+0100","caller":"database/db.go:44","msg":"Connected to postgres"}
{"level":"info","timestamp":"2024-12-31T16:06:12.640+0100","caller":"config/config.go:43","msg":"Env file loaded succesfully"}
{"level":"info","timestamp":"2024-12-31T16:06:12.928+0100","caller":"database/db.go:75","msg":"Initial admin user created successfully"}
{"level":"info","timestamp":"2024-12-31T16:06:12.929+0100","caller":"database/db.go:45","msg":"Connected to postgres"}
{"level":"error","timestamp":"2024-12-31T16:07:56.864+0100","caller":"handlers/admin_handler.go:37","msg":"CreateWorker: Worker creation failed","error":"el estado debe ser Alta o Baja"}
{"level":"error","timestamp":"2024-12-31T16:08:00.255+0100","caller":"handlers/admin_handler.go:37","msg":"CreateWorker: Worker creation failed","error":"error al buscar el trabajador"}
{"level":"error","timestamp":"2024-12-31T16:09:18.185+0100","caller":"handlers/admin_handler.go:37","msg":"CreateWorker: Worker creation failed","error":"error al buscar el trabajador"}
{"level":"error","timestamp":"2024-12-31T16:09:19.407+0100","caller":"handlers/admin_handler.go:37","msg":"CreateWorker: Worker creation failed","error":"error al buscar el trabajador"}
{"level":"info","timestamp":"2024-12-31T16:10:06.332+0100","caller":"config/config.go:43","msg":"Env file loaded succesfully"}
{"level":"info","timestamp":"2024-12-31T16:10:06.505+0100","caller":"database/db.go:54","msg":"Admin user already exists, skipping creation"}
{"level":"info","timestamp":"2024-12-31T16:10:06.505+0100","caller":"database/db.go:45","msg":"Connected to postgres"}
{"level":"error","timestamp":"2024-12-31T16:10:19.778+0100","caller":"handlers/admin_handler.go:37","msg":"CreateWorker: Worker creation failed","error":"error al guardar el trabajador en la tabla"}
{"level":"info","timestamp":"2024-12-31T16:13:02.689+0100","caller":"config/config.go:43","msg":"Env file loaded succesfully"}
{"level":"info","timestamp":"2024-12-31T16:13:02.849+0100","caller":"database/db.go:54","msg":"Admin user already exists, skipping creation"}
{"level":"info","timestamp":"2024-12-31T16:13:02.849+0100","caller":"database/db.go:45","msg":"Connected to postgres"}
{"level":"error","timestamp":"2024-12-31T16:14:11.153+0100","caller":"handlers/admin_handler.go:37","msg":"CreateWorker: Worker creation failed","error":"el trabajador ya existe"}
{"level":"info","timestamp":"2024-12-31T16:39:47.078+0100","caller":"config/config.go:43","msg":"Env file loaded succesfully"}
{"level":"info","timestamp":"2024-12-31T16:39:47.248+0100","caller":"database/db.go:54","msg":"Admin user already exists, skipping creation"}
{"level":"info","timestamp":"2024-12-31T16:39:47.248+0100","caller":"database/db.go:45","msg":"Connected to postgres"}
{"level":"info","timestamp":"2024-12-31T16:42:52.751+0100","caller":"config/config.go:43","msg":"Env file loaded succesfully"}
{"level":"info","timestamp":"2024-12-31T16:42:52.917+0100","caller":"database/db.go:54","msg":"Admin user already exists, skipping creation"}
{"level":"info","timestamp":"2024-12-31T16:42:52.917+0100","caller":"database/db.go:45","msg":"Connected to postgres"}
